{"total": {"lines":{"total":159,"covered":127,"skipped":0,"pct":79.87},"statements":{"total":159,"covered":127,"skipped":0,"pct":79.87},"functions":{"total":12,"covered":11,"skipped":0,"pct":91.66},"branches":{"total":46,"covered":41,"skipped":0,"pct":89.13},"branchesTrue":{"total":0,"covered":0,"skipped":0,"pct":100}}
,"/Users/apas/Documents/GitHub/nspire-guardian-hub/src/lib/financial/intake.ts": {"lines":{"total":57,"covered":55,"skipped":0,"pct":96.49},"functions":{"total":5,"covered":5,"skipped":0,"pct":100},"statements":{"total":57,"covered":55,"skipped":0,"pct":96.49},"branches":{"total":26,"covered":22,"skipped":0,"pct":84.61}}
,"/Users/apas/Documents/GitHub/nspire-guardian-hub/src/lib/financial/ledger.ts": {"lines":{"total":30,"covered":0,"skipped":0,"pct":0},"functions":{"total":1,"covered":0,"skipped":0,"pct":0},"statements":{"total":30,"covered":0,"skipped":0,"pct":0},"branches":{"total":1,"covered":0,"skipped":0,"pct":0}}
,"/Users/apas/Documents/GitHub/nspire-guardian-hub/src/lib/financial/lien.ts": {"lines":{"total":32,"covered":32,"skipped":0,"pct":100},"functions":{"total":3,"covered":3,"skipped":0,"pct":100},"statements":{"total":32,"covered":32,"skipped":0,"pct":100},"branches":{"total":10,"covered":10,"skipped":0,"pct":100}}
,"/Users/apas/Documents/GitHub/nspire-guardian-hub/src/lib/workflow/index.ts": {"lines":{"total":40,"covered":40,"skipped":0,"pct":100},"functions":{"total":3,"covered":3,"skipped":0,"pct":100},"statements":{"total":40,"covered":40,"skipped":0,"pct":100},"branches":{"total":9,"covered":9,"skipped":0,"pct":100}}
}
